# JRE version: Java(TM) SE Runtime Environment (8.0_201-b09) (build 1.8.0_201-b09)
# Java VM: Java HotSpot(TM) 64-Bit Server VM (25.201-b09 mixed mode windows-amd64 compressed oops)
Heap:
 PSYoungGen      total 160256K, used 8451K [0x00000000f5580000, 0x0000000100000000, 0x0000000100000000)
  eden space 147456K, 0% used [0x00000000f5580000,0x00000000f5580000,0x00000000fe580000)
  from space 12800K, 66% used [0x00000000fe580000,0x00000000fedc0cd0,0x00000000ff200000)
  to   space 12800K, 0% used [0x00000000ff380000,0x00000000ff380000,0x0000000100000000)
 ParOldGen       total 269824K, used 263412K [0x00000000e0000000, 0x00000000f0780000, 0x00000000f5580000)
  object space 269824K, 97% used [0x00000000e0000000,0x00000000f013d1d8,0x00000000f0780000)
 Metaspace       used 99847K, capacity 104570K, committed 104832K, reserved 1140736K
  class space    used 12918K, capacity 13825K, committed 13952K, reserved 1048576K
GC Heap History (10 events):
Event: 443.994 GC heap after
Heap after GC invocations=91 (full 4):
 PSYoungGen      total 160256K, used 5119K [0x00000000f5580000, 0x0000000100000000, 0x0000000100000000)
  eden space 145920K, 0% used [0x00000000f5580000,0x00000000f5580000,0x00000000fe400000)
  from space 14336K, 35% used [0x00000000fe400000,0x00000000fe8ffde0,0x00000000ff200000)
  to   space 13824K, 0% used [0x00000000ff280000,0x00000000ff280000,0x0000000100000000)
 ParOldGen       total 269824K, used 249139K [0x00000000e0000000, 0x00000000f0780000, 0x00000000f5580000)
  object space 269824K, 92% used [0x00000000e0000000,0x00000000ef34ccb8,0x00000000f0780000)
 Metaspace       used 99798K, capacity 104506K, committed 104832K, reserved 1140736K
  class space    used 12918K, capacity 13825K, committed 13952K, reserved 1048576K
}
Event: 444.551 GC heap before
{Heap before GC invocations=92 (full 4):
 PSYoungGen      total 160256K, used 151039K [0x00000000f5580000, 0x0000000100000000, 0x0000000100000000)
  eden space 145920K, 100% used [0x00000000f5580000,0x00000000fe400000,0x00000000fe400000)
  from space 14336K, 35% used [0x00000000fe400000,0x00000000fe8ffde0,0x00000000ff200000)
  to   space 13824K, 0% used [0x00000000ff280000,0x00000000ff280000,0x0000000100000000)
 ParOldGen       total 269824K, used 249139K [0x00000000e0000000, 0x00000000f0780000, 0x00000000f5580000)
  object space 269824K, 92% used [0x00000000e0000000,0x00000000ef34ccb8,0x00000000f0780000)
 Metaspace       used 99798K, capacity 104506K, committed 104832K, reserved 1140736K
  class space    used 12918K, capacity 13825K, committed 13952K, reserved 1048576K
Event: 444.728 GC heap after
Heap after GC invocations=92 (full 4):
 PSYoungGen      total 159744K, used 4356K [0x00000000f5580000, 0x00000000fff80000, 0x0000000100000000)
  eden space 146432K, 0% used [0x00000000f5580000,0x00000000f5580000,0x00000000fe480000)
  from space 13312K, 32% used [0x00000000ff280000,0x00000000ff6c1070,0x00000000fff80000)
  to   space 13824K, 0% used [0x00000000fe480000,0x00000000fe480000,0x00000000ff200000)
 ParOldGen       total 269824K, used 252136K [0x00000000e0000000, 0x00000000f0780000, 0x00000000f5580000)
  object space 269824K, 93% used [0x00000000e0000000,0x00000000ef63a3b8,0x00000000f0780000)
 Metaspace       used 99798K, capacity 104506K, committed 104832K, reserved 1140736K
  class space    used 12918K, capacity 13825K, committed 13952K, reserved 1048576K
}
Event: 445.657 GC heap before
{Heap before GC invocations=93 (full 4):
 PSYoungGen      total 159744K, used 150788K [0x00000000f5580000, 0x00000000fff80000, 0x0000000100000000)
  eden space 146432K, 100% used [0x00000000f5580000,0x00000000fe480000,0x00000000fe480000)
  from space 13312K, 32% used [0x00000000ff280000,0x00000000ff6c1070,0x00000000fff80000)
  to   space 13824K, 0% used [0x00000000fe480000,0x00000000fe480000,0x00000000ff200000)
 ParOldGen       total 269824K, used 252136K [0x00000000e0000000, 0x00000000f0780000, 0x00000000f5580000)
  object space 269824K, 93% used [0x00000000e0000000,0x00000000ef63a3b8,0x00000000f0780000)
 Metaspace       used 99812K, capacity 104506K, committed 104832K, reserved 1140736K
  class space    used 12918K, capacity 13825K, committed 13952K, reserved 1048576K
Event: 445.686 GC heap after
Heap after GC invocations=93 (full 4):
 PSYoungGen      total 160256K, used 4486K [0x00000000f5580000, 0x00000000fff80000, 0x0000000100000000)
  eden space 146432K, 0% used [0x00000000f5580000,0x00000000f5580000,0x00000000fe480000)
  from space 13824K, 32% used [0x00000000fe480000,0x00000000fe8e1af0,0x00000000ff200000)
  to   space 13312K, 0% used [0x00000000ff280000,0x00000000ff280000,0x00000000fff80000)
 ParOldGen       total 269824K, used 255987K [0x00000000e0000000, 0x00000000f0780000, 0x00000000f5580000)
  object space 269824K, 94% used [0x00000000e0000000,0x00000000ef9fccb8,0x00000000f0780000)
 Metaspace       used 99812K, capacity 104506K, committed 104832K, reserved 1140736K
  class space    used 12918K, capacity 13825K, committed 13952K, reserved 1048576K
}
Event: 446.550 GC heap before
{Heap before GC invocations=94 (full 4):
 PSYoungGen      total 160256K, used 150918K [0x00000000f5580000, 0x00000000fff80000, 0x0000000100000000)
  eden space 146432K, 100% used [0x00000000f5580000,0x00000000fe480000,0x00000000fe480000)
  from space 13824K, 32% used [0x00000000fe480000,0x00000000fe8e1af0,0x00000000ff200000)
  to   space 13312K, 0% used [0x00000000ff280000,0x00000000ff280000,0x00000000fff80000)
 ParOldGen       total 269824K, used 255987K [0x00000000e0000000, 0x00000000f0780000, 0x00000000f5580000)
  object space 269824K, 94% used [0x00000000e0000000,0x00000000ef9fccb8,0x00000000f0780000)
 Metaspace       used 99831K, capacity 104506K, committed 104832K, reserved 1140736K
  class space    used 12918K, capacity 13825K, committed 13952K, reserved 1048576K
Event: 446.578 GC heap after
Heap after GC invocations=94 (full 4):
 PSYoungGen      total 159744K, used 5099K [0x00000000f5580000, 0x00000000ffe80000, 0x0000000100000000)
  eden space 147456K, 0% used [0x00000000f5580000,0x00000000f5580000,0x00000000fe580000)
  from space 12288K, 41% used [0x00000000ff280000,0x00000000ff77ac10,0x00000000ffe80000)
  to   space 12800K, 0% used [0x00000000fe580000,0x00000000fe580000,0x00000000ff200000)
 ParOldGen       total 269824K, used 260172K [0x00000000e0000000, 0x00000000f0780000, 0x00000000f5580000)
  object space 269824K, 96% used [0x00000000e0000000,0x00000000efe13060,0x00000000f0780000)
 Metaspace       used 99831K, capacity 104506K, committed 104832K, reserved 1140736K
  class space    used 12918K, capacity 13825K, committed 13952K, reserved 1048576K
}
Event: 447.203 GC heap before
{Heap before GC invocations=95 (full 4):
 PSYoungGen      total 159744K, used 152555K [0x00000000f5580000, 0x00000000ffe80000, 0x0000000100000000)
  eden space 147456K, 100% used [0x00000000f5580000,0x00000000fe580000,0x00000000fe580000)
  from space 12288K, 41% used [0x00000000ff280000,0x00000000ff77ac10,0x00000000ffe80000)
  to   space 12800K, 0% used [0x00000000fe580000,0x00000000fe580000,0x00000000ff200000)
 ParOldGen       total 269824K, used 260172K [0x00000000e0000000, 0x00000000f0780000, 0x00000000f5580000)
  object space 269824K, 96% used [0x00000000e0000000,0x00000000efe13060,0x00000000f0780000)
 Metaspace       used 99847K, capacity 104570K, committed 104832K, reserved 1140736K
  class space    used 12918K, capacity 13825K, committed 13952K, reserved 1048576K
Event: 447.226 GC heap after
Heap after GC invocations=95 (full 4):
 PSYoungGen      total 160256K, used 8451K [0x00000000f5580000, 0x0000000100000000, 0x0000000100000000)
  eden space 147456K, 0% used [0x00000000f5580000,0x00000000f5580000,0x00000000fe580000)
  from space 12800K, 66% used [0x00000000fe580000,0x00000000fedc0cd0,0x00000000ff200000)
  to   space 12800K, 0% used [0x00000000ff380000,0x00000000ff380000,0x0000000100000000)
 ParOldGen       total 269824K, used 263412K [0x00000000e0000000, 0x00000000f0780000, 0x00000000f5580000)
  object space 269824K, 97% used [0x00000000e0000000,0x00000000f013d1d8,0x00000000f0780000)
 Metaspace       used 99847K, capacity 104570K, committed 104832K, reserved 1140736K
  class space    used 12918K, capacity 13825K, committed 13952K, reserved 1048576K
}
Event: 447.226 GC heap before
{Heap before GC invocations=96 (full 5):
 PSYoungGen      total 160256K, used 8451K [0x00000000f5580000, 0x0000000100000000, 0x0000000100000000)
  eden space 147456K, 0% used [0x00000000f5580000,0x00000000f5580000,0x00000000fe580000)
  from space 12800K, 66% used [0x00000000fe580000,0x00000000fedc0cd0,0x00000000ff200000)
  to   space 12800K, 0% used [0x00000000ff380000,0x00000000ff380000,0x0000000100000000)
 ParOldGen       total 269824K, used 263412K [0x00000000e0000000, 0x00000000f0780000, 0x00000000f5580000)
  object space 269824K, 97% used [0x00000000e0000000,0x00000000f013d1d8,0x00000000f0780000)
 Metaspace       used 99847K, capacity 104570K, committed 104832K, reserved 1140736K
  class space    used 12918K, capacity 13825K, committed 13952K, reserved 1048576K

